2026-04-03 05:03:51 INFO  --- [Request] [ID:69ce9c5ef0fe4dafef0657f4] : POST /v1/api/admin/resource | Data: {"name":"product","description":"Manage products in the system"}
2026-04-03 05:03:51 ERROR --- [/v1/api/admin/resource] [ID:69ce9c5ef0fe4dafef0657f4] : 401 - 11ms - Authentication Error | Data: {"method":"POST"}
2026-04-03 05:04:14 INFO  --- [Request] [ID:69ce9c5ef0fe4dafef0657f4] : POST /v1/api/access/login | Data: {"email":"nguyenan1204@gmail.com","password":"12345678a"}
2026-04-03 05:04:38 INFO  --- [Request] [ID:69ce9c5ef0fe4dafef0657f4] : POST /v1/api/admin/resource | Data: {"name":"product","description":"Manage products in the system"}
2026-04-03 05:07:21 INFO  --- [Request] [ID:69ce9c5ef0fe4dafef0657f4] : POST /v1/api/admin/resource | Data: {"name":"profile","description":"Manage user profile information"}
2026-04-03 05:08:02 INFO  --- [Request] [ID:69ce9c5ef0fe4dafef0657f4] : GET /v1/api/admin/resource
2026-04-03 05:08:25 INFO  --- [Request] [ID:69ce9c5ef0fe4dafef0657f4] : POST /v1/api/admin/role | Data: {"name":"user","slug":"user","description":"admin extend role from shop user","grants":[{"resourceId":"69cf4b09c40f58627b7d9890","actions":["read:own","update:own","delete:own"],"attributes":"*"},{"resourceId":"69cf4a66c40f58627b7d988d","action":["read:any"],"attributes":"*"}]}
2026-04-03 05:08:25 ERROR --- [/v1/api/admin/role] [ID:69ce9c5ef0fe4dafef0657f4] : 500 - 5ms - redisClient is not defined | Data: {"method":"POST"}
2026-04-03 05:09:22 INFO  --- [Request] [ID:69ce9c5ef0fe4dafef0657f4] : POST /v1/api/admin/role | Data: {"name":"user","slug":"user","description":"admin extend role from shop user","grants":[{"resourceId":"69cf4b09c40f58627b7d9890","actions":["read:own","update:own","delete:own"],"attributes":"*"},{"resourceId":"69cf4a66c40f58627b7d988d","action":["read:any"],"attributes":"*"}]}
2026-04-03 05:10:48 INFO  --- [Request] [ID:69ce9c5ef0fe4dafef0657f4] : POST /v1/api/admin/role | Data: {"name":"admin","slug":"admin","description":"admin extend role from shop user","grants":[{"resourceId":"69cf4b09c40f58627b7d9890","actions":["creat:any","read:any","update:any","delete:any"],"attributes":"*"},{"resourceId":"69cf4a66c40f58627b7d988d","action":["creat:any","read:any","update:any","delete:any"],"attributes":"*"}]}
2026-04-03 05:11:26 INFO  --- [Request] [ID:69ce9c5ef0fe4dafef0657f4] : POST /v1/api/admin/role | Data: {"name":"admin","slug":"admin","description":"admin extend role from shop user","grants":[{"resourceId":"69cf4b09c40f58627b7d9890","actions":["creat:any","read:any","update:any","delete:any"],"attributes":"*"},{"resourceId":"69cf4a66c40f58627b7d988d","actions":["creat:any","read:any","update:any","delete:any"],"attributes":"*"}]}
2026-04-03 05:11:56 INFO  --- [Request] [ID:69ce9c5ef0fe4dafef0657f4] : POST /v1/api/admin/role | Data: {"name":"user","slug":"user","description":"user role","grants":[{"resourceId":"69cf4b09c40f58627b7d9890","actions":["read:own","update:own","delete:own"],"attributes":"*"},{"resourceId":"69cf4a66c40f58627b7d988d","action":["read:any"],"attributes":"*"}]}
2026-04-03 05:11:56 ERROR --- [/v1/api/admin/role] [ID:69ce9c5ef0fe4dafef0657f4] : 400 - 8ms - Role already exists! | Data: {"method":"POST"}
2026-04-03 05:12:06 INFO  --- [Request] [ID:69ce9c5ef0fe4dafef0657f4] : POST /v1/api/admin/role | Data: {"name":"user","slug":"user","description":"user role","grants":[{"resourceId":"69cf4b09c40f58627b7d9890","actions":["read:own","update:own","delete:own"],"attributes":"*"},{"resourceId":"69cf4a66c40f58627b7d988d","action":["read:any"],"attributes":"*"}]}
2026-04-03 05:12:11 INFO  --- [Request] [ID:69ce9c5ef0fe4dafef0657f4] : GET /v1/api/admin/role
2026-04-03 12:42:28 INFO  --- [Request] [ID:69ce9c5ef0fe4dafef0657f4] : POST /v1/api/access/login | Data: {"email":"dunguyenan2012@gmail.com","password":"12345678a"}
2026-04-03 12:45:30 INFO  --- [Request] [ID:69cea22b1c793e39d30ef3ef] : POST /v1/api/shop/register | Data: {"shop_name":"Shop ABC","shop_address":{"province_id":79,"province_name":"Ho Chi Minh","district_id":760,"district_name":"District 1","ward_name":"Ben Nghe"},"shop_contact":{"phone":"0987654321","email":"shopabc@gmail.com"}}
2026-04-03 12:45:30 ERROR --- [/v1/api/shop/register] [ID:69cea22b1c793e39d30ef3ef] : 500 - 7ms - reqBody is not defined | Data: {"method":"POST"}
2026-04-03 12:45:58 INFO  --- [Request] [ID:69cea22b1c793e39d30ef3ef] : POST /v1/api/shop/register | Data: {"shop_name":"Shop ABC","shop_address":{"province_id":79,"province_name":"Ho Chi Minh","district_id":760,"district_name":"District 1","ward_name":"Ben Nghe"},"shop_contact":{"phone":"0987654321","email":"shopabc@gmail.com"}}
2026-04-03 12:45:58 ERROR --- [/v1/api/shop/register] [ID:69cea22b1c793e39d30ef3ef] : 500 - 30ms - Spread syntax requires ...iterable[Symbol.iterator] to be a function | Data: {"method":"POST"}
2026-04-03 12:46:59 INFO  --- [Request] [ID:69cea22b1c793e39d30ef3ef] : POST /v1/api/shop/register | Data: {"shop_name":"Shop ABC","shop_address":{"province_id":79,"province_name":"Ho Chi Minh","district_id":760,"district_name":"District 1","ward_name":"Ben Nghe"},"shop_contact":{"phone":"0987654321","email":"shopabc@gmail.com"}}
2026-04-03 12:46:59 ERROR --- [/v1/api/shop/register] [ID:69cea22b1c793e39d30ef3ef] : 500 - 23ms - Cannot read properties of undefined (reading 'street') | Data: {"method":"POST"}
2026-04-03 12:49:14 INFO  --- [Request] [ID:69cea22b1c793e39d30ef3ef] : POST /v1/api/shop/register | Data: {"shop_name":"Shop ABC","shop_address":{"street":"2B, Tôn Đức Thắng","province_id":79,"province_name":"Ho Chi Minh","district_id":760,"district_name":"District 1","ward_name":"Ben Nghe"},"shop_contact":{"phone":"0987654321","email":"shopabc@gmail.com"}}
2026-04-03 12:49:14 ERROR --- [/v1/api/shop/register] [ID:69cea22b1c793e39d30ef3ef] : 500 - 23ms - Cannot read properties of undefined (reading 'street') | Data: {"method":"POST"}
2026-04-03 12:49:53 INFO  --- [Request] [ID:69cea22b1c793e39d30ef3ef] : POST /v1/api/shop/register | Data: {"shop_name":"Shop ABC","shop_address":{"street":"2B, Tôn Đức Thắng","province_id":79,"province_name":"Ho Chi Minh","district_id":760,"district_name":"District 1","ward_name":"Ben Nghe"},"shop_contact":{"phone":"0987654321","email":"shopabc@gmail.com"}}
2026-04-03 12:49:53 ERROR --- [/v1/api/shop/register] [ID:69cea22b1c793e39d30ef3ef] : 500 - 18ms - Cannot read properties of undefined (reading 'street') | Data: {"method":"POST"}
2026-04-03 12:50:18 INFO  --- [Request] [ID:69cea22b1c793e39d30ef3ef] : POST /v1/api/shop/register | Data: {"shop_name":"Shop ABC","shop_address":{"street":"2B, Tôn Đức Thắng","province_id":79,"province_name":"Ho Chi Minh","district_id":760,"district_name":"District 1","ward_name":"Ben Nghe"},"shop_contact":{"phone":"0987654321","email":"shopabc@gmail.com"}}
2026-04-03 12:50:18 ERROR --- [/v1/api/shop/register] [ID:69cea22b1c793e39d30ef3ef] : 500 - 16ms - Cannot read properties of undefined (reading 'street') | Data: {"method":"POST"}
2026-04-03 12:50:31 INFO  --- [Request] [ID:69cea22b1c793e39d30ef3ef] : POST /v1/api/shop/register | Data: {"shop_name":"Shop ABC","shop_address":{"street":"2B, Tôn Đức Thắng","province_id":79,"province_name":"Ho Chi Minh","district_id":760,"district_name":"District 1","ward_name":"Ben Nghe"},"shop_contact":{"phone":"0987654321","email":"shopabc@gmail.com"}}
2026-04-03 12:50:31 ERROR --- [/v1/api/shop/register] [ID:69cea22b1c793e39d30ef3ef] : 500 - 24ms - Cannot read properties of undefined (reading 'street') | Data: {"method":"POST"}
2026-04-03 12:52:38 INFO  --- [Request] [ID:69cea22b1c793e39d30ef3ef] : POST /v1/api/shop/register | Data: {"shop_name":"Shop ABC","shop_address":{"street":"2B, Tôn Đức Thắng","province_id":79,"province_name":"Ho Chi Minh","district_id":760,"district_name":"District 1","ward_name":"Ben Nghe"},"shop_contact":{"phone":"0987654321","email":"shopabc@gmail.com"}}
2026-04-03 12:52:38 ERROR --- [/v1/api/shop/register] [ID:69cea22b1c793e39d30ef3ef] : 500 - 20ms - Cannot read properties of undefined (reading 'street') | Data: {"method":"POST"}
2026-04-03 12:54:31 INFO  --- [Request] [ID:69cea22b1c793e39d30ef3ef] : POST /v1/api/shop/register | Data: {"shop_name":"Shop ABC","shop_address":{"street":"2B, Tôn Đức Thắng","province_id":79,"province_name":"Ho Chi Minh","district_id":760,"district_name":"District 1","ward_name":"Ben Nghe"},"shop_contact":{"phone":"0987654321","email":"shopabc@gmail.com"}}
2026-04-03 12:54:31 ERROR --- [/v1/api/shop/register] [ID:69cea22b1c793e39d30ef3ef] : 500 - 48ms - Cannot read properties of undefined (reading 'street') | Data: {"method":"POST"}
2026-04-03 12:54:42 INFO  --- [Request] [ID:69cea22b1c793e39d30ef3ef] : POST /v1/api/shop/register | Data: {"shop_name":"Shop ABC","shop_address":{"street":"2B, Tôn Đức Thắng","province_id":79,"province_name":"Ho Chi Minh","district_id":760,"district_name":"District 1","ward_name":"Ben Nghe"},"shop_contact":{"phone":"0987654321","email":"shopabc@gmail.com"}}
2026-04-03 12:54:42 ERROR --- [/v1/api/shop/register] [ID:69cea22b1c793e39d30ef3ef] : 500 - 30ms - Cannot read properties of undefined (reading 'street') | Data: {"method":"POST"}
2026-04-03 12:55:00 INFO  --- [Request] [ID:69cea22b1c793e39d30ef3ef] : POST /v1/api/shop/register | Data: {"shop_name":"Shop ABC","shop_address":{"street":"2B, Tôn Đức Thắng","province_id":79,"province_name":"Ho Chi Minh","district_id":760,"district_name":"District 1","ward_name":"Ben Nghe"},"shop_contact":{"phone":"0987654321","email":"shopabc@gmail.com"}}
2026-04-03 12:55:00 ERROR --- [/v1/api/shop/register] [ID:69cea22b1c793e39d30ef3ef] : 500 - 25ms - Cannot read properties of undefined (reading 'street') | Data: {"method":"POST"}
2026-04-03 12:55:26 INFO  --- [Request] [ID:69cea22b1c793e39d30ef3ef] : POST /v1/api/shop/register | Data: {"shop_name":"Shop ABC","shop_address":{"street":"2B, Tôn Đức Thắng","province_id":79,"province_name":"Ho Chi Minh","district_id":760,"district_name":"District 1","ward_name":"Ben Nghe"},"shop_contact":{"phone":"0987654321","email":"shopabc@gmail.com"}}
2026-04-03 12:55:26 ERROR --- [/v1/api/shop/register] [ID:69cea22b1c793e39d30ef3ef] : 500 - 8ms - Cannot read properties of undefined (reading 'street') | Data: {"method":"POST"}
2026-04-03 12:55:46 INFO  --- [Request] [ID:69cea22b1c793e39d30ef3ef] : POST /v1/api/shop/register | Data: {"shop_name":"Shop ABC","shop_address":{"street":"2B, Tôn Đức Thắng","province_id":79,"province_name":"Ho Chi Minh","district_id":760,"district_name":"District 1","ward_name":"Ben Nghe"},"shop_contact":{"phone":"0987654321","email":"shopabc@gmail.com"}}
2026-04-03 12:55:46 ERROR --- [/v1/api/shop/register] [ID:69cea22b1c793e39d30ef3ef] : 500 - 29ms - Cannot read properties of undefined (reading 'street') | Data: {"method":"POST"}
2026-04-03 12:56:37 INFO  --- [Request] [ID:69cea22b1c793e39d30ef3ef] : POST /v1/api/shop/register | Data: {"shop_name":"Shop ABC","shop_address":{"street":"2B, Tôn Đức Thắng","province_id":79,"province_name":"Ho Chi Minh","district_id":760,"district_name":"District 1","ward_name":"Ben Nghe"},"shop_contact":{"phone":"0987654321","email":"shopabc@gmail.com"}}
2026-04-03 12:56:38 ERROR --- [/v1/api/shop/register] [ID:69cea22b1c793e39d30ef3ef] : 500 - 25ms - Cannot read properties of undefined (reading 'street') | Data: {"method":"POST"}
2026-04-03 12:57:56 INFO  --- [Request] [ID:69cea22b1c793e39d30ef3ef] : POST /v1/api/shop/register | Data: {"name":"Shop ABC","address":{"street":"2B, Tôn Đức Thắng","province_id":79,"province_name":"Ho Chi Minh","district_id":760,"district_name":"District 1","ward_name":"Ben Nghe"},"contact":{"phone":"0987654321","email":"shopabc@gmail.com"}}
2026-04-03 12:57:56 ERROR --- [/v1/api/shop/register] [ID:69cea22b1c793e39d30ef3ef] : 500 - 60ms - slugify is not defined | Data: {"method":"POST"}
2026-04-03 12:58:13 INFO  --- [Request] [ID:69cea22b1c793e39d30ef3ef] : POST /v1/api/shop/register | Data: {"name":"Shop ABC","address":{"street":"2B, Tôn Đức Thắng","province_id":79,"province_name":"Ho Chi Minh","district_id":760,"district_name":"District 1","ward_name":"Ben Nghe"},"contact":{"phone":"0987654321","email":"shopabc@gmail.com"}}
2026-04-03 12:58:13 ERROR --- [/v1/api/shop/register] [ID:69cea22b1c793e39d30ef3ef] : 500 - 70ms - next is not a function | Data: {"method":"POST"}
2026-04-03 13:00:26 INFO  --- [Request] [ID:69cea22b1c793e39d30ef3ef] : POST /v1/api/shop/register | Data: {"name":"Shop ABC","address":{"street":"2B, Tôn Đức Thắng","province_id":79,"province_name":"Ho Chi Minh","district_id":760,"district_name":"District 1","ward_name":"Ben Nghe"},"contact":{"phone":"0987654321","email":"shopabc@gmail.com"}}
2026-04-03 13:09:28 INFO  --- [Request] [ID:69cea22b1c793e39d30ef3ef] : POST /v1/api/shop/register | Data: {"name":"Shop ABC","address":{"street":"2B, Tôn Đức Thắng","province_id":79,"province_name":"Ho Chi Minh","district_id":760,"district_name":"District 1","ward_name":"Ben Nghe"},"contact":{"phone":"0987654321","email":"shopabc@gmail.com"}}
2026-04-03 13:09:28 ERROR --- [/v1/api/shop/register] [ID:69cea22b1c793e39d30ef3ef] : 401 - 15ms - Authentication Error | Data: {"method":"POST"}
2026-04-03 13:09:41 INFO  --- [Request] [ID:69ce9c5ef0fe4dafef0657f4] : POST /v1/api/access/login | Data: {"email":"dunguyenan2012@gmail.com","password":"12345678a"}
2026-04-03 13:09:48 INFO  --- [Request] [ID:69ce9c5ef0fe4dafef0657f4] : POST /v1/api/access/logout | Data: {"email":"dunguyenan2012@gmail.com","password":"12345678a"}
2026-04-03 13:09:48 ERROR --- [/v1/api/access/logout] [ID:69ce9c5ef0fe4dafef0657f4] : 401 - 5ms - Authentication Error | Data: {"method":"POST"}
2026-04-03 13:09:56 INFO  --- [Request] [ID:69ce9c5ef0fe4dafef0657f4] : POST /v1/api/access/login | Data: {"email":"dunguyenan2012@gmail.com","password":"12345678a"}
2026-04-03 13:10:15 INFO  --- [Request] [ID:69cea22b1c793e39d30ef3ef] : POST /v1/api/access/logout | Data: {"email":"dunguyenan2012@gmail.com","password":"12345678a"}
2026-04-03 13:10:22 INFO  --- [Request] [ID:69cea22b1c793e39d30ef3ef] : POST /v1/api/access/login | Data: {"email":"dunguyenan2012@gmail.com","password":"12345678a"}
2026-04-03 13:10:35 INFO  --- [Request] [ID:69cea22b1c793e39d30ef3ef] : POST /v1/api/shop/register | Data: {"name":"Shop ABC","address":{"street":"2B, Tôn Đức Thắng","province_id":79,"province_name":"Ho Chi Minh","district_id":760,"district_name":"District 1","ward_name":"Ben Nghe"},"contact":{"phone":"0987654321","email":"shopabc@gmail.com"}}
2026-04-03 13:19:53 INFO  --- [Request] [ID:69cea22b1c793e39d30ef3ef] : GET /v1/api/shop/register
2026-04-03 13:19:53 ERROR --- [/v1/api/shop/register] [ID:69cea22b1c793e39d30ef3ef] : 404 - 20ms - Not Found | Data: {"method":"GET"}
2026-04-03 13:20:02 INFO  --- [Request] [ID:69cea22b1c793e39d30ef3ef] : GET /v1/api/shop/
2026-04-03 14:38:13 ERROR --- [/v1/api/shop/69cfb9ea93e4752da256048a] [ID:unknown] : 400 - 0ms - Expected double-quoted property name in JSON at position 582 | Data: {"method":"PATCH"}
2026-04-03 14:40:14 INFO  --- [Request] [ID:69cea22b1c793e39d30ef3ef] : PATCH /v1/api/shop/69cfb9ea93e4752da256048a | Data: {"shop_name":"Shop Nguyen An","shop_logo":"","shop_address":{"street":"2B, Tôn Đức Thắng","province_id":79,"province_name":"Ho Chi Minh","district_id":760,"district_name":"District 1","ward_name":"Ben Nghe","full_address":"2B, Tôn Đức Thắng, Ben Nghe, District 1, Ho Chi Minh"},"shop_status":"active","shop_contact":{"phone":"0987654321","email":"shopabc@gmail.com"}}
2026-04-03 14:41:38 INFO  --- [Request] [ID:69cea22b1c793e39d30ef3ef] : PATCH /v1/api/shop/69cfb9ea93e4752da256048a | Data: {"shop_name":"Shop Nguyen An","shop_logo":"","shop_address":{"street":"2B, Tôn Đức Thắng","province_id":79,"province_name":"Ho Chi Minh","district_id":760,"district_name":"District 1","ward_name":"Ben Nghe","full_address":"2B, Tôn Đức Thắng, Ben Nghe, District 1, Ho Chi Minh"},"shop_status":"active","shop_contact":{"phone":"0987654321","email":"shopabc@gmail.com"}}
2026-04-03 14:45:33 INFO  --- [Request] [ID:69cea22b1c793e39d30ef3ef] : PATCH /v1/api/shop/69cfb9ea93e4752da256048a | Data: {"shop_name":"Shop Nguyen An","shop_logo":"","shop_address":{"street":"2B, Tôn Đức Thắng","province_id":79,"province_name":"Ho Chi Minh","district_id":760,"district_name":"District 1","ward_name":"Ben Nghe","full_address":"2B, Tôn Đức Thắng, Ben Nghe, District 1, Ho Chi Minh"},"shop_status":"active","shop_contact":{"phone":"0987654321","email":"shopabc@gmail.com"}}
2026-04-03 14:46:13 INFO  --- [Request] [ID:69cea22b1c793e39d30ef3ef] : PATCH /v1/api/shop/69cfb9ea93e4752da256048a | Data: {"shop_name":"Shop Nguyen An","shop_logo":"","shop_address":{"street":"2B, Tôn Đức Thắng","province_id":79,"province_name":"Ho Chi Minh","district_id":760,"district_name":"District 1","ward_name":"Ben Nghe","full_address":"2B, Tôn Đức Thắng, Ben Nghe, District 1, Ho Chi Minh"},"shop_status":"active","shop_contact":{"phone":"0987654321","email":"shopabc@gmail.com"}}
2026-04-03 14:46:13 ERROR --- [/v1/api/shop/69cfb9ea93e4752da256048a] [ID:69cea22b1c793e39d30ef3ef] : 500 - 25ms - Argument passed in does not match the accepted types | Data: {"method":"PATCH"}
2026-04-03 14:46:49 INFO  --- [Request] [ID:69cea22b1c793e39d30ef3ef] : PATCH /v1/api/shop/69cfb9ea93e4752da256048a | Data: {"shop_name":"Shop Nguyen An","shop_logo":"","shop_address":{"street":"2B, Tôn Đức Thắng","province_id":79,"province_name":"Ho Chi Minh","district_id":760,"district_name":"District 1","ward_name":"Ben Nghe","full_address":"2B, Tôn Đức Thắng, Ben Nghe, District 1, Ho Chi Minh"},"shop_status":"active","shop_contact":{"phone":"0987654321","email":"shopabc@gmail.com"}}
2026-04-03 14:46:49 ERROR --- [/v1/api/shop/69cfb9ea93e4752da256048a] [ID:69cea22b1c793e39d30ef3ef] : 500 - 24ms - Argument passed in does not match the accepted types | Data: {"method":"PATCH"}
2026-04-03 14:48:01 INFO  --- [Request] [ID:69cea22b1c793e39d30ef3ef] : PATCH /v1/api/shop/69cfb9ea93e4752da256048a | Data: {"shop_name":"Shop Nguyen An","shop_logo":"","shop_address":{"street":"2B, Tôn Đức Thắng","province_id":79,"province_name":"Ho Chi Minh","district_id":760,"district_name":"District 1","ward_name":"Ben Nghe","full_address":"2B, Tôn Đức Thắng, Ben Nghe, District 1, Ho Chi Minh"},"shop_status":"active","shop_contact":{"phone":"0987654321","email":"shopabc@gmail.com"}}
2026-04-03 14:48:01 ERROR --- [/v1/api/shop/69cfb9ea93e4752da256048a] [ID:69cea22b1c793e39d30ef3ef] : 500 - 26ms - Argument passed in does not match the accepted types | Data: {"method":"PATCH"}
2026-04-03 14:49:37 INFO  --- [Request] [ID:69cea22b1c793e39d30ef3ef] : PATCH /v1/api/shop/69cfb9ea93e4752da256048a | Data: {"shop_name":"Shop Nguyen An","shop_logo":"","shop_address":{"street":"2B, Tôn Đức Thắng","province_id":79,"province_name":"Ho Chi Minh","district_id":760,"district_name":"District 1","ward_name":"Ben Nghe","full_address":"2B, Tôn Đức Thắng, Ben Nghe, District 1, Ho Chi Minh"},"shop_status":"active","shop_contact":{"phone":"0987654321","email":"shopabc@gmail.com"}}
2026-04-03 14:50:50 INFO  --- [Request] [ID:69cea22b1c793e39d30ef3ef] : PATCH /v1/api/shop/69cfb9ea93e4752da256048a | Data: {"shop_name":"Shop Nguyen An","shop_logo":"","shop_address":{"street":"2B, Tôn Đức Thắng","province_id":79,"province_name":"Ho Chi Minh","district_id":760,"district_name":"District 1","ward_name":"Ben Nghe","full_address":"2B, Tôn Đức Thắng, Ben Nghe, District 1, Ho Chi Minh"},"shop_status":"active","shop_contact":{"phone":"0987654321","email":"shopabc@gmail.com"}}
2026-04-03 14:51:14 INFO  --- [Request] [ID:69cea22b1c793e39d30ef3ef] : PATCH /v1/api/shop/69cfb9ea93e4752da256048a | Data: {"shop_logo":"","shop_address":{"street":"2B, Tôn Đức Thắng","province_id":79,"province_name":"Ho Chi Minh","district_id":760,"district_name":"District 1","ward_name":"Ben Nghe","full_address":"2B, Tôn Đức Thắng, Ben Nghe, District 1, Ho Chi Minh"},"shop_status":"active","shop_contact":{"phone":"0987654321","email":"shopabc@gmail.com"}}
2026-04-03 14:51:24 INFO  --- [Request] [ID:69cea22b1c793e39d30ef3ef] : PATCH /v1/api/shop/69cfb9ea93e4752da256048a | Data: {"shop_name":null,"shop_logo":"","shop_address":{"street":"2B, Tôn Đức Thắng","province_id":79,"province_name":"Ho Chi Minh","district_id":760,"district_name":"District 1","ward_name":"Ben Nghe","full_address":"2B, Tôn Đức Thắng, Ben Nghe, District 1, Ho Chi Minh"},"shop_status":"active","shop_contact":{"phone":"0987654321","email":"shopabc@gmail.com"}}
2026-04-03 14:51:48 INFO  --- [Request] [ID:69cea22b1c793e39d30ef3ef] : PATCH /v1/api/shop/69cfb9ea93e4752da256048a | Data: {"shop_name":null,"shop_logo":"","shop_address":{"street":"2B, Nguyễn Thị Thập","province_id":79,"province_name":"Ho Chi Minh","district_id":760,"district_name":"District 1","ward_name":"Ben Nghe","full_address":"2B, Tôn Đức Thắng, Ben Nghe, District 1, Ho Chi Minh"},"shop_status":"active","shop_contact":{"phone":"0987654321","email":"shopabc@gmail.com"}}
2026-04-03 14:51:53 INFO  --- [Request] [ID:69cea22b1c793e39d30ef3ef] : PATCH /v1/api/shop/69cfb9ea93e4752da256048a | Data: {"shop_name":null,"shop_logo":"","shop_address":{"street":"2B, Nguyễn Thị Thập","province_id":79,"province_name":"Ho Chi Minh","district_id":760,"district_name":"District 1","ward_name":"Ben Nghe","full_address":"2B, Tôn Đức Thắng, Ben Nghe, District 1, Ho Chi Minh"},"shop_status":"active","shop_contact":{"phone":"0987654321","email":"shopabc@gmail.com"}}
2026-04-03 14:51:55 INFO  --- [Request] [ID:69cea22b1c793e39d30ef3ef] : PATCH /v1/api/shop/69cfb9ea93e4752da256048a | Data: {"shop_name":null,"shop_logo":"","shop_address":{"street":"2B, Nguyễn Thị Thập","province_id":79,"province_name":"Ho Chi Minh","district_id":760,"district_name":"District 1","ward_name":"Ben Nghe","full_address":"2B, Tôn Đức Thắng, Ben Nghe, District 1, Ho Chi Minh"},"shop_status":"active","shop_contact":{"phone":"0987654321","email":"shopabc@gmail.com"}}
2026-04-03 14:52:01 INFO  --- [Request] [ID:69cea22b1c793e39d30ef3ef] : PATCH /v1/api/shop/69cfb9ea93e4752da256048a | Data: {"shop_name":null,"shop_logo":"","shop_address":{"street":"8A, Nguyễn Thị Thập","province_id":79,"province_name":"Ho Chi Minh","district_id":760,"district_name":"District 1","ward_name":"Ben Nghe","full_address":"2B, Tôn Đức Thắng, Ben Nghe, District 1, Ho Chi Minh"},"shop_status":"active","shop_contact":{"phone":"0987654321","email":"shopabc@gmail.com"}}
2026-04-03 14:52:02 INFO  --- [Request] [ID:69cea22b1c793e39d30ef3ef] : PATCH /v1/api/shop/69cfb9ea93e4752da256048a | Data: {"shop_name":null,"shop_logo":"","shop_address":{"street":"8A, Nguyễn Thị Thập","province_id":79,"province_name":"Ho Chi Minh","district_id":760,"district_name":"District 1","ward_name":"Ben Nghe","full_address":"2B, Tôn Đức Thắng, Ben Nghe, District 1, Ho Chi Minh"},"shop_status":"active","shop_contact":{"phone":"0987654321","email":"shopabc@gmail.com"}}
2026-04-03 14:53:04 INFO  --- [Request] [ID:69cea22b1c793e39d30ef3ef] : PATCH /v1/api/shop/69cfb9ea93e4752da256048a | Data: {"shop_name":null,"shop_logo":"","shop_address":{"street":"128A, Nguyễn Thị Thập","province_id":79,"province_name":"Ho Chi Minh","district_id":760,"district_name":"District 1","ward_name":"Ben Nghe","full_address":"2B, Tôn Đức Thắng, Ben Nghe, District 1, Ho Chi Minh"},"shop_status":"active","shop_contact":{"phone":"0987654321","email":"shopabc@gmail.com"}}
2026-04-03 14:53:41 INFO  --- [Request] [ID:69cea22b1c793e39d30ef3ef] : PATCH /v1/api/shop/69cfb9ea93e4752da256048a | Data: {"shop_name":null,"shop_logo":"","shop_address":{"street":"128A, Nguyễn Thị Thập","province_id":79,"province_name":"Ho Chi Minh","district_id":760,"district_name":"District 1","ward_name":"Ben Nghe","full_address":"2B, Tôn Đức Thắng, Ben Nghe, District 1, Ho Chi Minh"},"shop_status":"active","shop_contact":{"phone":"0991321444","email":"shopabc@gmail.com"}}
2026-04-03 14:53:47 INFO  --- [Request] [ID:69cea22b1c793e39d30ef3ef] : PATCH /v1/api/shop/69cfb9ea93e4752da256048a | Data: {"shop_name":null,"shop_logo":"","shop_address":{"street":"128A, Nguyễn Thị Thập","province_id":79,"province_name":"Ho Chi Minh","district_id":760,"district_name":"District 1","ward_name":"Ben Nghe","full_address":"2B, Tôn Đức Thắng, Ben Nghe, District 1, Ho Chi Minh"},"shop_status":"active","shop_contact":{"phone":"","email":"shopabc@gmail.com"}}
2026-04-03 14:53:56 INFO  --- [Request] [ID:69cea22b1c793e39d30ef3ef] : PATCH /v1/api/shop/69cfb9ea93e4752da256048a | Data: {"shop_name":null,"shop_logo":"","shop_address":{"street":"128A, Nguyễn Thị Thập","province_id":79,"province_name":"Ho Chi Minh","district_id":760,"district_name":"District 1","ward_name":"Ben Nghe","full_address":"2B, Tôn Đức Thắng, Ben Nghe, District 1, Ho Chi Minh"},"shop_status":"active","shop_contact":{"phone":"0991321444","email":"shopabc@gmail.com"}}
2026-04-03 14:54:02 INFO  --- [Request] [ID:69cea22b1c793e39d30ef3ef] : PATCH /v1/api/shop/69cfb9ea93e4752da256048a | Data: {"shop_name":null,"shop_logo":"","shop_address":{"street":"128A, Nguyễn Thị Thập","province_id":79,"province_name":"Ho Chi Minh","district_id":760,"district_name":"District 1","ward_name":"Ben Nghe","full_address":"2B, Tôn Đức Thắng, Ben Nghe, District 1, Ho Chi Minh"},"shop_status":"active","shop_contact":{"phone":null,"email":"shopabc@gmail.com"}}
2026-04-03 14:54:04 INFO  --- [Request] [ID:69cea22b1c793e39d30ef3ef] : PATCH /v1/api/shop/69cfb9ea93e4752da256048a | Data: {"shop_name":null,"shop_logo":"","shop_address":{"street":"128A, Nguyễn Thị Thập","province_id":79,"province_name":"Ho Chi Minh","district_id":760,"district_name":"District 1","ward_name":"Ben Nghe","full_address":"2B, Tôn Đức Thắng, Ben Nghe, District 1, Ho Chi Minh"},"shop_status":"active","shop_contact":{"phone":null,"email":"shopabc@gmail.com"}}
2026-04-03 14:54:12 INFO  --- [Request] [ID:69cea22b1c793e39d30ef3ef] : PATCH /v1/api/shop/69cfb9ea93e4752da256048a | Data: {"shop_name":null,"shop_logo":"","shop_address":{"street":"128A, Nguyễn Thị Thập","province_id":79,"province_name":"Ho Chi Minh","district_id":760,"district_name":"District 1","ward_name":"Ben Nghe","full_address":"2B, Tôn Đức Thắng, Ben Nghe, District 1, Ho Chi Minh"},"shop_status":"active","shop_contact":{"phone":null}}
2026-04-03 14:54:26 INFO  --- [Request] [ID:69cea22b1c793e39d30ef3ef] : PATCH /v1/api/shop/69cfb9ea93e4752da256048a | Data: {"shop_name":null,"shop_logo":"","shop_address":{"street":"128A, Nguyễn Thị Thập","province_id":79,"province_name":"Ho Chi Minh","district_id":760,"district_name":"District 1","full_address":"2B, Tôn Đức Thắng, Ben Nghe, District 1, Ho Chi Minh"},"shop_status":"active","shop_contact":{"phone":null}}
2026-04-03 14:55:47 ERROR --- [/v1/api/shop/69cfb9ea93e4752da256048a] [ID:unknown] : 400 - 0ms - Expected double-quoted property name in JSON at position 586 | Data: {"method":"PATCH"}
2026-04-03 14:55:55 INFO  --- [Request] [ID:69cea22b1c793e39d30ef3ef] : PATCH /v1/api/shop/69cfb9ea93e4752da256048a | Data: {"shop_name":null,"shop_logo":"","shop_address":{"street":"128A, Nguyễn Thị Thập","province_id":79,"province_name":"Ho Chi Minh","district_id":760,"district_name":"District 1","full_address":"2B, Tôn Đức Thắng, Ben Nghe, District 1, Ho Chi Minh"},"shop_status":"active","shop_contact":{"phone":null},"shop_settings":{"is_vacation":true,"auto_msg":""}}
2026-04-03 15:04:14 INFO  --- [Request] [ID:69cea22b1c793e39d30ef3ef] : DELETE /v1/api/shop/69cfb9ea93e4752da256048a
2026-04-03 15:04:14 ERROR --- [/v1/api/shop/69cfb9ea93e4752da256048a] [ID:69cea22b1c793e39d30ef3ef] : 500 - 19ms - Argument passed in does not match the accepted types | Data: {"method":"DELETE"}
2026-04-03 15:04:31 INFO  --- [Request] [ID:69cea22b1c793e39d30ef3ef] : DELETE /v1/api/shop/69cfb9ea93e4752da256048a
2026-04-03 15:04:31 ERROR --- [/v1/api/shop/69cfb9ea93e4752da256048a] [ID:69cea22b1c793e39d30ef3ef] : 500 - 26ms - shopRepo.changeStatus is not a function | Data: {"method":"DELETE"}
2026-04-03 15:04:57 INFO  --- [Request] [ID:69cea22b1c793e39d30ef3ef] : DELETE /v1/api/shop/69cfb9ea93e4752da256048a
2026-04-03 15:05:23 INFO  --- [Request] [ID:69cea22b1c793e39d30ef3ef] : GET /v1/api/shop/
2026-04-03 15:05:41 INFO  --- [Request] [ID:69cea22b1c793e39d30ef3ef] : GET /v1/api/shop/
